<?xml version="1.0" encoding="UTF-8"?>
<!-- Generated by org.testng.reporters.JUnitXMLReporter -->
<testsuite ignored="0" hostname="DESKTOP-9I7RF0E" failures="1" tests="35" name="CyberMart Seller Test Cases" time="367.964" errors="0" timestamp="07 Dec 2023 10:14:35 GMT">
  <testcase classname="com.cybermart.qa.testcases.ProductCreationTest" name="createProduct" time="28.162"/>
  <testcase classname="com.cybermart.qa.testcases.LoginPageTest" name="validateTitle" time="0.026"/>
  <testcase classname="com.cybermart.qa.testcases.InventoryPageTest" name="verifyInventoryTitle" time="2.04"/>
  <testcase classname="com.cybermart.qa.testcases.HomePageTest" name="verifyHomePageTitleTest" time="2.048"/>
  <testcase classname="com.cybermart.qa.testcases.CreateProductTest" name="verifyCategoriesCreateProduct" time="0.654"/>
  <testcase classname="com.cybermart.qa.testcases.LoginPageTest" name="validateRegisterButton" time="0.055"/>
  <testcase classname="com.cybermart.qa.testcases.InventoryPageTest" name="updateQuantity" time="5.826"/>
  <testcase classname="com.cybermart.qa.testcases.HomePageTest" name="verifyDashboardSeller" time="2.054"/>
  <testcase classname="com.cybermart.qa.testcases.CreateProductTest" name="verifySubCategoriesMen" time="0.753"/>
  <testcase classname="com.cybermart.qa.testcases.LoginPageTest" name="validateFbLogin" time="0.035"/>
  <testcase classname="com.cybermart.qa.testcases.InventoryPageTest" name="updatePrice" time="6.065"/>
  <testcase classname="com.cybermart.qa.testcases.HomePageTest" name="verifySellerLogo" time="2.093"/>
  <testcase classname="com.cybermart.qa.testcases.CreateProductTest" name="verifyChildSubcategoriesTopWearMen" time="0.571"/>
  <testcase classname="com.cybermart.qa.testcases.LoginPageTest" name="validateLoginText" time="0.051"/>
  <testcase classname="com.cybermart.qa.testcases.InventoryPageTest" name="verifyEditProductButton" time="1.529"/>
  <testcase classname="com.cybermart.qa.testcases.HomePageTest" name="verifyOrdersDataDashboard" time="2.078"/>
  <testcase classname="com.cybermart.qa.testcases.LoginPageTest" name="validateWelcomeImage" time="0.085"/>
  <testcase classname="com.cybermart.qa.testcases.HomePageTest" name="verifyOtherSellerLink" time="2.08"/>
  <testcase classname="com.cybermart.qa.testcases.LoginPageTest" name="validateNewMemberText" time="0.044"/>
  <testcase classname="com.cybermart.qa.testcases.HomePageTest" name="verifyProfilePicture" time="2.088"/>
  <testcase classname="com.cybermart.qa.testcases.LoginPageTest" name="validateGoogleSignIn" time="10.219">
    <failure type="org.openqa.selenium.NoSuchElementException" message="no such element: Unable to locate element: {&amp;quot;method&amp;quot;:&amp;quot;xpath&amp;quot;,&amp;quot;selector&amp;quot;:&amp;quot;//span[text()=&amp;apos;Sign in with Google&amp;apos;]&amp;quot;}
  (Session info: chrome=120.0.6099.71)
For documentation on this error, please visit: http://seleniumhq.org/exceptions/no_such_element.html
Build info: version: &amp;apos;3.14.0&amp;apos;, revision: &amp;apos;aacccce0&amp;apos;, time: &amp;apos;2018-08-02T20:19:58.91Z&amp;apos;
System info: host: &amp;apos;DESKTOP-9I7RF0E&amp;apos;, ip: &amp;apos;192.168.1.120&amp;apos;, os.name: &amp;apos;Windows 10&amp;apos;, os.arch: &amp;apos;amd64&amp;apos;, os.version: &amp;apos;10.0&amp;apos;, java.version: &amp;apos;17.0.8&amp;apos;
Driver info: org.openqa.selenium.chrome.ChromeDriver
Capabilities {acceptInsecureCerts: false, browserName: chrome, browserVersion: 120.0.6099.71, chrome: {chromedriverVersion: 119.0.6045.105 (38c72552c5e..., userDataDir: C:\Users\conve\AppData\Loca...}, fedcm:accounts: true, goog:chromeOptions: {debuggerAddress: localhost:55570}, javascriptEnabled: true, networkConnectionEnabled: false, pageLoadStrategy: normal, platform: WINDOWS, platformName: WINDOWS, proxy: Proxy(), setWindowRect: true, strictFileInteractability: false, timeouts: {implicit: 0, pageLoad: 300000, script: 30000}, unhandledPromptBehavior: dismiss and notify, webauthn:extension:credBlob: true, webauthn:extension:largeBlob: true, webauthn:extension:minPinLength: true, webauthn:extension:prf: true, webauthn:virtualAuthenticators: true}
Session ID: 1dc7bb61534ef42940fdd1d728dd1fe0
*** Element info: {Using=xpath, value=//span[text()=&amp;apos;Sign in with Google&amp;apos;]}">
      <![CDATA[org.openqa.selenium.NoSuchElementException: no such element: Unable to locate element: {"method":"xpath","selector":"//span[text()='Sign in with Google']"}
  (Session info: chrome=120.0.6099.71)
For documentation on this error, please visit: http://seleniumhq.org/exceptions/no_such_element.html
Build info: version: '3.14.0', revision: 'aacccce0', time: '2018-08-02T20:19:58.91Z'
System info: host: 'DESKTOP-9I7RF0E', ip: '192.168.1.120', os.name: 'Windows 10', os.arch: 'amd64', os.version: '10.0', java.version: '17.0.8'
Driver info: org.openqa.selenium.chrome.ChromeDriver
Capabilities {acceptInsecureCerts: false, browserName: chrome, browserVersion: 120.0.6099.71, chrome: {chromedriverVersion: 119.0.6045.105 (38c72552c5e..., userDataDir: C:\Users\conve\AppData\Loca...}, fedcm:accounts: true, goog:chromeOptions: {debuggerAddress: localhost:55570}, javascriptEnabled: true, networkConnectionEnabled: false, pageLoadStrategy: normal, platform: WINDOWS, platformName: WINDOWS, proxy: Proxy(), setWindowRect: true, strictFileInteractability: false, timeouts: {implicit: 0, pageLoad: 300000, script: 30000}, unhandledPromptBehavior: dismiss and notify, webauthn:extension:credBlob: true, webauthn:extension:largeBlob: true, webauthn:extension:minPinLength: true, webauthn:extension:prf: true, webauthn:virtualAuthenticators: true}
Session ID: 1dc7bb61534ef42940fdd1d728dd1fe0
*** Element info: {Using=xpath, value=//span[text()='Sign in with Google']}
	at org.openqa.selenium.remote.http.W3CHttpResponseCodec.createException(W3CHttpResponseCodec.java:187)
	at org.openqa.selenium.remote.http.W3CHttpResponseCodec.decode(W3CHttpResponseCodec.java:122)
	at org.openqa.selenium.remote.http.W3CHttpResponseCodec.decode(W3CHttpResponseCodec.java:49)
	at org.openqa.selenium.remote.HttpCommandExecutor.execute(HttpCommandExecutor.java:158)
	at org.openqa.selenium.remote.service.DriverCommandExecutor.execute(DriverCommandExecutor.java:83)
	at org.openqa.selenium.remote.RemoteWebDriver.execute(RemoteWebDriver.java:548)
	at org.openqa.selenium.remote.RemoteWebDriver.findElement(RemoteWebDriver.java:322)
	at org.openqa.selenium.remote.RemoteWebDriver.findElementByXPath(RemoteWebDriver.java:424)
	at org.openqa.selenium.By$ByXPath.findElement(By.java:353)
	at org.openqa.selenium.remote.RemoteWebDriver.findElement(RemoteWebDriver.java:314)
	at org.openqa.selenium.support.events.EventFiringWebDriver.lambda$new$1(EventFiringWebDriver.java:105)
	at jdk.proxy2/jdk.proxy2.$Proxy10.findElement(Unknown Source)
	at org.openqa.selenium.support.events.EventFiringWebDriver.findElement(EventFiringWebDriver.java:194)
	at org.openqa.selenium.support.pagefactory.DefaultElementLocator.findElement(DefaultElementLocator.java:69)
	at org.openqa.selenium.support.pagefactory.internal.LocatingElementHandler.invoke(LocatingElementHandler.java:38)
	at jdk.proxy2/jdk.proxy2.$Proxy14.isDisplayed(Unknown Source)
	at com.cybermart.qa.pages.LoginPage.validateGoogleLogin(LoginPage.java:65)
	at com.cybermart.qa.testcases.LoginPageTest.validateGoogleSignIn(LoginPageTest.java:70)
... Removed 33 stack frames]]>
    </failure>
  </testcase> <!-- validateGoogleSignIn -->
  <testcase classname="com.cybermart.qa.testcases.HomePageTest" name="verifyLogoutLink" time="2.175"/>
  <testcase classname="com.cybermart.qa.testcases.LoginPageTest" name="login" time="4.613"/>
  <testcase classname="com.cybermart.qa.testcases.HomePageTest" name="verifyProductsLink" time="3.596"/>
  <testcase classname="com.cybermart.qa.testcases.HomePageTest" name="verifyOrdersLink" time="2.193"/>
  <testcase classname="com.cybermart.qa.testcases.HomePageTest" name="verifyPromotionsLink" time="2.136"/>
  <testcase classname="com.cybermart.qa.testcases.HomePageTest" name="verifyAccountSettings" time="2.103"/>
  <testcase classname="com.cybermart.qa.testcases.HomePageTest" name="verifySellerStore" time="2.121"/>
  <testcase classname="com.cybermart.qa.testcases.HomePageTest" name="verifySubSeller" time="2.1"/>
  <testcase classname="com.cybermart.qa.testcases.HomePageTest" name="verifyCreateProduct" time="2.228"/>
  <testcase classname="com.cybermart.qa.testcases.HomePageTest" name="verifyInventoryPage" time="2.187"/>
  <testcase classname="com.cybermart.qa.testcases.HomePageTest" name="verifyBuyerQuestions" time="2.19"/>
  <testcase classname="com.cybermart.qa.testcases.HomePageTest" name="verifyManageOrders" time="2.154"/>
  <testcase classname="com.cybermart.qa.testcases.HomePageTest" name="verifyCouponsLinkSeller" time="2.188"/>
  <testcase classname="com.cybermart.qa.testcases.HomePageTest" name="verifyCampaignPage" time="2.187"/>
</testsuite> <!-- CyberMart Seller Test Cases -->
